<?xml version="1.0" encoding="UTF-8"?>
<!-- Generated by org.testng.reporters.JUnitReportReporter -->
<testsuite skipped="0" hostname="DESKTOP-MCO4EV3" name="com.test.TC_001" tests="2" failures="0" timestamp="2022-01-06T15:45:18 IST" time="24.800" errors="0">
  <testcase name="openFB" time="15.007" classname="com.test.TC_001"/>
  <system-out/>
  <testcase name="openGit" time="9.793" classname="com.test.TC_001"/>
  <system-out/>
</testsuite> <!-- com.test.TC_001 -->
