<?xml version="1.0" encoding="UTF-8"?>
<!-- Generated by org.testng.reporters.JUnitReportReporter -->
<testsuite skipped="0" hostname="DESKTOP-MCO4EV3" name="com.test.TC_001" tests="1" failures="0" timestamp="2022-01-05T15:53:25 IST" time="10.379" errors="0">
  <testcase name="openFB" time="10.379" classname="com.test.TC_001"/>
  <system-out/>
</testsuite> <!-- com.test.TC_001 -->
