<?xml version="1.0" encoding="UTF-8"?>
<!-- Generated by org.testng.reporters.JUnitReportReporter -->
<testsuite skipped="0" hostname="DESKTOP-MCO4EV3" name="com.test.TC_001" tests="1" failures="0" timestamp="06 Jan 2022 09:36:12 GMT" time="29.710" errors="0">
  <testcase name="openFB" time="29.710" classname="com.test.TC_001"/>
</testsuite> <!-- com.test.TC_001 -->
